Using pre-set license
Built from '2020.3/china_unity/release' branch; Version is '2020.3.13f1c1 (93b9df9a3ddc) revision 9681375'; Using compiler version '192528614'; Build Type 'Release'
OS: 'Windows 10 Home China; OS build 19043.1526; Version 2009; 64bit' Language: 'zh' Physical Memory: 15734 MB
BatchMode: 1, IsHumanControllingUs: 0, StartBugReporterOnCrash: 0, Is64bit: 1, IsPro: 0

 COMMAND LINE ARGUMENTS:
C:\Program Files\Unity\Hub\Editor\2020.3.13f1c1\Editor\Unity.exe
-adb2
-batchMode
-noUpm
-name
AssetImportWorker0
-projectPath
C:/Users/X/Documents/Unity Project/My Unity Shaders Book
-logFile
Logs/AssetImportWorker0.log
-srvPort
9362
Successfully changed project path to: C:/Users/X/Documents/Unity Project/My Unity Shaders Book
C:/Users/X/Documents/Unity Project/My Unity Shaders Book
Using Asset Import Pipeline V2.
Refreshing native plugins compatible for Editor in 43.10 ms, found 6 plugins.
Preloading 0 native plugins for Editor in 0.00 ms.
Initialize engine version: 2020.3.13f1c1 (93b9df9a3ddc)
[Subsystems] Discovering subsystems at path C:/Program Files/Unity/Hub/Editor/2020.3.13f1c1/Editor/Data/Resources/UnitySubsystems
[Subsystems] Discovering subsystems at path C:/Users/X/Documents/Unity Project/My Unity Shaders Book/Assets
GfxDevice: creating device client; threaded=0
Direct3D:
    Version:  Direct3D 11.0 [level 11.1]
    Renderer: AMD Radeon(TM) Graphics (ID=0x1636)
    Vendor:   
    VRAM:     7867 MB
    Driver:   30.0.15002.1004
Initialize mono
Mono path[0] = 'C:/Program Files/Unity/Hub/Editor/2020.3.13f1c1/Editor/Data/Managed'
Mono path[1] = 'C:/Program Files/Unity/Hub/Editor/2020.3.13f1c1/Editor/Data/MonoBleedingEdge/lib/mono/unityjit'
Mono config path = 'C:/Program Files/Unity/Hub/Editor/2020.3.13f1c1/Editor/Data/MonoBleedingEdge/etc'
Using monoOptions --debugger-agent=transport=dt_socket,embedding=1,server=y,suspend=n,address=127.0.0.1:56620
Begin MonoManager ReloadAssembly
Registering precompiled unity dll's ...
Register platform support module: C:/Program Files/Unity/Hub/Editor/2020.3.13f1c1/Editor/Data/PlaybackEngines/WindowsStandaloneSupport/UnityEditor.WindowsStandalone.Extensions.dll
Registered in 0.001933 seconds.
Native extension for WindowsStandalone target not found
Refreshing native plugins compatible for Editor in 33.99 ms, found 6 plugins.
Preloading 0 native plugins for Editor in 0.00 ms.
Mono: successfully reloaded assembly
- Completed reload, in  1.545 seconds
Platform modules already initialized, skipping
Registering precompiled user dll's ...
Registered in 0.003585 seconds.
Begin MonoManager ReloadAssembly
Native extension for WindowsStandalone target not found
Refreshing native plugins compatible for Editor in 36.83 ms, found 6 plugins.
Preloading 0 native plugins for Editor in 0.00 ms.
Mono: successfully reloaded assembly
- Completed reload, in  1.064 seconds
Platform modules already initialized, skipping
========================================================================
Worker process is ready to serve import requests
Launched and connected shader compiler UnityShaderCompiler.exe after 0.06 seconds
Refreshing native plugins compatible for Editor in 0.61 ms, found 6 plugins.
Preloading 0 native plugins for Editor in 0.00 ms.
Unloading 1689 Unused Serialized files (Serialized files now loaded: 0)
System memory in use before: 80.9 MB.
System memory in use after: 81.0 MB.

Unloading 46 unused Assets to reduce memory usage. Loaded Objects now: 2103.
Total: 2.695400 ms (FindLiveObjects: 0.198900 ms CreateObjectMapping: 0.039100 ms MarkObjects: 2.354800 ms  DeleteObjects: 0.101500 ms)

AssetImportParameters requested are different than current active one (requested -> active):
  custom:framework-win-MediaFoundation: 216162199b28c13a410421893ffa2e32 -> 
  custom:video-decoder-ogg-theora: a1e56fd34408186e4bbccfd4996cb3dc -> 
  custom:container-muxer-webm: aa71ff27fc2769a1b78a27578f13a17b -> 
  custom:container-demuxer-webm: 4f35f7cbe854078d1ac9338744f61a02 -> 
  custom:container-demuxer-ogg: 62fdf1f143b41e24485cea50d1cbac27 -> 
  custom:video-encoder-webm-vp8: eb34c28f22e8b96e1ab97ce403110664 -> 
  custom:video-codec-MediaFoundation-h265: 746d11721c4dcdbdad8f713fa42b33f4 -> 
  custom:video-decoder-webm-vp8: 9c59270c3fd7afecdb556c50c9e8de78 -> 
  custom:audio-decoder-ogg-vorbis: bf7c407c2cedff20999df2af8eb42d56 -> 
  custom:audio-encoder-webm-vorbis: bf7c407c2cedff20999df2af8eb42d56 -> 
========================================================================
Received Import Request.
  path: Assets/Chapter 11/Chapter 11.3/mouse.obj
  artifactKey: Guid(e2d9b9e479512ef43a3b47bc9e826efa) Importer(815301076,1909f56bfc062723c751e8b465ee728b)
Start importing Assets/Chapter 11/Chapter 11.3/mouse.obj using Guid(e2d9b9e479512ef43a3b47bc9e826efa) Importer(815301076,1909f56bfc062723c751e8b465ee728b)  -> (artifact id: '606393a9063ed6c52121ec5d98789ea2') in 0.165431 seconds 
  Import took 0.169262 seconds .

========================================================================
Received Import Request.
  Time since last request: 48.837592 seconds.
  path: Assets/Chapter 11/Chapter 11.3/mouse.mat
  artifactKey: Guid(cda7985ad22298f43b059a9297658be2) Importer(815301076,1909f56bfc062723c751e8b465ee728b)
Start importing Assets/Chapter 11/Chapter 11.3/mouse.mat using Guid(cda7985ad22298f43b059a9297658be2) Importer(815301076,1909f56bfc062723c751e8b465ee728b)  -> (artifact id: '2fbc80929251af6eff9665caa2a79a10') in 0.013836 seconds 
  Import took 0.017427 seconds .

========================================================================
Received Import Request.
  Time since last request: 20.413184 seconds.
  path: Assets/Chapter 11/Chapter 11.3/Texture
  artifactKey: Guid(641ce7146d75e784fb920884b0e565a2) Importer(815301076,1909f56bfc062723c751e8b465ee728b)
Start importing Assets/Chapter 11/Chapter 11.3/Texture using Guid(641ce7146d75e784fb920884b0e565a2) Importer(815301076,1909f56bfc062723c751e8b465ee728b)  -> (artifact id: 'ef8dfa37747aad9677731505abb7b75f') in 0.003818 seconds 
  Import took 0.019200 seconds .

========================================================================
Received Import Request.
  Time since last request: 0.085506 seconds.
  path: Assets/Chapter 11/Chapter 11.3/Texture/mouse_plastic_BaseColor.png
  artifactKey: Guid(1cd0839c0a9e1264eb6b74b43e940886) Importer(815301076,1909f56bfc062723c751e8b465ee728b)
Start importing Assets/Chapter 11/Chapter 11.3/Texture/mouse_plastic_BaseColor.png using Guid(1cd0839c0a9e1264eb6b74b43e940886) Importer(815301076,1909f56bfc062723c751e8b465ee728b)  -> (artifact id: '648ee2398e92ac8a1165ad01ca550bfe') in 0.031957 seconds 
  Import took 0.036264 seconds .

========================================================================
Received Import Request.
  Time since last request: 0.000404 seconds.
  path: Assets/Chapter 11/Chapter 11.3/Texture/mouse_plastic_Metallic.png
  artifactKey: Guid(ebdada9c69f71774cb570cf73f55f953) Importer(815301076,1909f56bfc062723c751e8b465ee728b)
Start importing Assets/Chapter 11/Chapter 11.3/Texture/mouse_plastic_Metallic.png using Guid(ebdada9c69f71774cb570cf73f55f953) Importer(815301076,1909f56bfc062723c751e8b465ee728b)  -> (artifact id: 'de90ce093eb5f680bb3e188aa1efc8a5') in 0.010616 seconds 
  Import took 0.014346 seconds .

========================================================================
Received Import Request.
  Time since last request: 0.000589 seconds.
  path: Assets/Chapter 11/Chapter 11.3/Texture/mouse_rubber_Normal.png
  artifactKey: Guid(3208e0cb3e1544a4889116e6ca5aab4c) Importer(815301076,1909f56bfc062723c751e8b465ee728b)
Start importing Assets/Chapter 11/Chapter 11.3/Texture/mouse_rubber_Normal.png using Guid(3208e0cb3e1544a4889116e6ca5aab4c) Importer(815301076,1909f56bfc062723c751e8b465ee728b)  -> (artifact id: '4f201e9e10d2c7609c79791b74a2c95a') in 0.010982 seconds 
  Import took 0.015399 seconds .

========================================================================
Received Import Request.
  Time since last request: 0.000525 seconds.
  path: Assets/Chapter 11/Chapter 11.3/Texture/mouse_plastic_Normal.png
  artifactKey: Guid(847def21049692c41b666bbc4c0857b8) Importer(815301076,1909f56bfc062723c751e8b465ee728b)
Start importing Assets/Chapter 11/Chapter 11.3/Texture/mouse_plastic_Normal.png using Guid(847def21049692c41b666bbc4c0857b8) Importer(815301076,1909f56bfc062723c751e8b465ee728b)  -> (artifact id: '11204a849f2a5fc688b5667f37333f38') in 0.010707 seconds 
  Import took 0.015240 seconds .

========================================================================
Received Import Request.
  Time since last request: 0.000647 seconds.
  path: Assets/Chapter 11/Chapter 11.3/Texture/mouse_rubber_Roughness.png
  artifactKey: Guid(27b722d01397740499af6b9dd87cc33b) Importer(815301076,1909f56bfc062723c751e8b465ee728b)
Start importing Assets/Chapter 11/Chapter 11.3/Texture/mouse_rubber_Roughness.png using Guid(27b722d01397740499af6b9dd87cc33b) Importer(815301076,1909f56bfc062723c751e8b465ee728b)  -> (artifact id: '8f24a2be4d3c0efcac9106b9af40911f') in 0.013868 seconds 
  Import took 0.018173 seconds .

========================================================================
Received Import Request.
  Time since last request: 0.000596 seconds.
  path: Assets/Chapter 11/Chapter 11.3/Texture/mouse_plastic_Roughness.png
  artifactKey: Guid(e0d8d9559a6f88a46b4a264a48af9f52) Importer(815301076,1909f56bfc062723c751e8b465ee728b)
Start importing Assets/Chapter 11/Chapter 11.3/Texture/mouse_plastic_Roughness.png using Guid(e0d8d9559a6f88a46b4a264a48af9f52) Importer(815301076,1909f56bfc062723c751e8b465ee728b)  -> (artifact id: 'f063f96b063b06ee5422ccc44b46441c') in 0.013813 seconds 
  Import took 0.018129 seconds .

========================================================================
Received Import Request.
  Time since last request: 0.000537 seconds.
  path: Assets/Chapter 11/Chapter 11.3/Texture/mouse_rubber_Metallic.png
  artifactKey: Guid(12706262bf76c334f868f9c035d12e06) Importer(815301076,1909f56bfc062723c751e8b465ee728b)
Start importing Assets/Chapter 11/Chapter 11.3/Texture/mouse_rubber_Metallic.png using Guid(12706262bf76c334f868f9c035d12e06) Importer(815301076,1909f56bfc062723c751e8b465ee728b)  -> (artifact id: '01559be14a22d9f059ab09e622d3d014') in 0.012962 seconds 
  Import took 0.016249 seconds .

========================================================================
Received Import Request.
  Time since last request: 0.000390 seconds.
  path: Assets/Chapter 11/Chapter 11.3/Texture/mouse_rubber_BaseColor.png
  artifactKey: Guid(0577d98cfce9f774ca237f35e156682d) Importer(815301076,1909f56bfc062723c751e8b465ee728b)
Start importing Assets/Chapter 11/Chapter 11.3/Texture/mouse_rubber_BaseColor.png using Guid(0577d98cfce9f774ca237f35e156682d) Importer(815301076,1909f56bfc062723c751e8b465ee728b)  -> (artifact id: '9e4a4b386502f126378307dfe5350356') in 0.012252 seconds 
  Import took 0.016086 seconds .

AssetImportWorkerClient::OnTransportError - code=2 error=End of file
